file /home/ingo/projects/xboxdrv/debian/xboxdrv/SConstruct,line 21:
	Configure(confdir = .sconf_temp)
scons: Configure: Checking for C++ library X11... 
.sconf_temp/conftest_0.cpp <-
  |
  |
  |#include "X11/Xlib.h"
  |
  |int
  |main() {
  |  
  |return 0;
  |}
  |
g++ -o .sconf_temp/conftest_0.o -c -g -O2 -Wall -ansi -pedantic .sconf_temp/conftest_0.cpp
g++ -o .sconf_temp/conftest_0 .sconf_temp/conftest_0.o -lX11
scons: Configure: yes

scons: Configure: Checking for C++ library usb... 
.sconf_temp/conftest_1.cpp <-
  |
  |
  |#include "usb.h"
  |
  |int
  |main() {
  |  
  |return 0;
  |}
  |
g++ -o .sconf_temp/conftest_1.o -c -g -O2 -Wall -ansi -pedantic .sconf_temp/conftest_1.cpp
g++ -o .sconf_temp/conftest_1 .sconf_temp/conftest_1.o -lX11 -lusb
scons: Configure: yes

scons: Configure: Checking for C++ header file boost/thread/thread.hpp... 
.sconf_temp/conftest_2.cpp <-
  |
  |#include "boost/thread/thread.hpp"
  |
  |
g++ -o .sconf_temp/conftest_2.o -c -g -O2 -Wall -ansi -pedantic .sconf_temp/conftest_2.cpp
scons: Configure: yes

scons: Configure: Checking for C++ library boost_thread-mt... 
.sconf_temp/conftest_3.cpp <-
  |
  |
  |
  |int
  |main() {
  |  
  |return 0;
  |}
  |
g++ -o .sconf_temp/conftest_3.o -c -g -O2 -Wall -ansi -pedantic .sconf_temp/conftest_3.cpp
g++ -o .sconf_temp/conftest_3 .sconf_temp/conftest_3.o -lX11 -lusb -lboost_thread-mt
scons: Configure: yes


